0 info it worked if it ends with ok
1 verbose cli [ '/Users/tashawn.williams/.nvm/versions/node/v6.11.2/bin/node',
1 verbose cli   '/Users/tashawn.williams/.nvm/versions/node/v6.11.2/bin/npm',
1 verbose cli   'start' ]
2 info using npm@3.10.10
3 info using node@v6.11.2
4 verbose run-script [ 'prestart', 'start', 'poststart' ]
5 info lifecycle rap-rater@0.1.0~prestart: rap-rater@0.1.0
6 silly lifecycle rap-rater@0.1.0~prestart: no script for prestart, continuing
7 info lifecycle rap-rater@0.1.0~start: rap-rater@0.1.0
8 verbose lifecycle rap-rater@0.1.0~start: unsafe-perm in lifecycle true
9 verbose lifecycle rap-rater@0.1.0~start: PATH: /Users/tashawn.williams/.nvm/versions/node/v6.11.2/lib/node_modules/npm/bin/node-gyp-bin:/Users/tashawn.williams/Development/AL-MOD4/111918/dumbo-web-111918/32-react/node_modules/.bin:/Users/tashawn.williams/.nvm/versions/node/v6.11.2/bin:/Users/tashawn.williams/.rvm/gems/ruby-2.3.3/bin:/Users/tashawn.williams/.rvm/gems/ruby-2.3.3@global/bin:/Users/tashawn.williams/.rvm/rubies/ruby-2.3.3/bin:/Applications/Postgres.app/Contents/Versions/latest/bin:/usr/local:/usr/local/bin:/usr/local/sbin:/usr/bin:/usr/local/bin:/usr/bin:/bin:/usr/sbin:/sbin:/Users/tashawn.williams/.rvm/gems/ruby-2.3.3/bin:/Users/tashawn.williams/.rvm/gems/ruby-2.3.3@global/bin:/Users/tashawn.williams/.rvm/rubies/ruby-2.3.3/bin:/Applications/Postgres.app/Contents/Versions/latest/bin:/usr/local:/usr/local/sbin:/Users/tashawn.williams/.rvm/bin
10 verbose lifecycle rap-rater@0.1.0~start: CWD: /Users/tashawn.williams/Development/AL-MOD4/111918/dumbo-web-111918/32-react
11 silly lifecycle rap-rater@0.1.0~start: Args: [ '-c', 'react-scripts start' ]
12 silly lifecycle rap-rater@0.1.0~start: Returned: code: 1  signal: null
13 info lifecycle rap-rater@0.1.0~start: Failed to exec start script
14 verbose stack Error: rap-rater@0.1.0 start: `react-scripts start`
14 verbose stack Exit status 1
14 verbose stack     at EventEmitter.<anonymous> (/Users/tashawn.williams/.nvm/versions/node/v6.11.2/lib/node_modules/npm/lib/utils/lifecycle.js:255:16)
14 verbose stack     at emitTwo (events.js:106:13)
14 verbose stack     at EventEmitter.emit (events.js:191:7)
14 verbose stack     at ChildProcess.<anonymous> (/Users/tashawn.williams/.nvm/versions/node/v6.11.2/lib/node_modules/npm/lib/utils/spawn.js:40:14)
14 verbose stack     at emitTwo (events.js:106:13)
14 verbose stack     at ChildProcess.emit (events.js:191:7)
14 verbose stack     at maybeClose (internal/child_process.js:891:16)
14 verbose stack     at Process.ChildProcess._handle.onexit (internal/child_process.js:226:5)
15 verbose pkgid rap-rater@0.1.0
16 verbose cwd /Users/tashawn.williams/Development/AL-MOD4/111918/dumbo-web-111918/32-react
17 error Darwin 17.4.0
18 error argv "/Users/tashawn.williams/.nvm/versions/node/v6.11.2/bin/node" "/Users/tashawn.williams/.nvm/versions/node/v6.11.2/bin/npm" "start"
19 error node v6.11.2
20 error npm  v3.10.10
21 error code ELIFECYCLE
22 error rap-rater@0.1.0 start: `react-scripts start`
22 error Exit status 1
23 error Failed at the rap-rater@0.1.0 start script 'react-scripts start'.
23 error Make sure you have the latest version of node.js and npm installed.
23 error If you do, this is most likely a problem with the rap-rater package,
23 error not with npm itself.
23 error Tell the author that this fails on your system:
23 error     react-scripts start
23 error You can get information on how to open an issue for this project with:
23 error     npm bugs rap-rater
23 error Or if that isn't available, you can get their info via:
23 error     npm owner ls rap-rater
23 error There is likely additional logging output above.
24 verbose exit [ 1, true ]
